<?xml version="1.0" encoding="UTF-8"?>
<!-- Generated by org.testng.reporters.JUnitXMLReporter -->
<testsuite hostname="LAPTOP-QMK202VJ" name="Default test" tests="4" failures="0" timestamp="26 Aug 2020 20:19:31 GMT" time="69.534" errors="0">
  <testcase name="LoginTestCase" time="0.992" classname="TestCasesExecution.LoginPageTest"/>
  <testcase name="LoginTestCase" time="6.179" classname="TestCasesExecution.LoginPageTest"/>
  <testcase name="LoginTestCase" time="0.955" classname="TestCasesExecution.LoginPageTest"/>
  <testcase name="LoginTestCase" time="1.493" classname="TestCasesExecution.LoginPageTest"/>
</testsuite> <!-- Default test -->
