<?xml version="1.0" encoding="UTF-8"?>
<!-- Generated by org.testng.reporters.JUnitXMLReporter -->
<testsuite hostname="LAPTOP-QMK202VJ" name="Regression Test" tests="2" failures="1" timestamp="1 Sep 2020 09:49:17 GMT" time="49.1" errors="0">
  <testcase name="LoginPageOne" time="4.917" classname="TestCasesExecution.LoginPageFunctionality"/>
  <testcase name="LoginPageTwo" time="4.593" classname="TestCasesExecution.LoginPageFunctionality">
    <failure type="java.lang.AssertionError" message="expected:&amp;lt;true&amp;gt; but was:&amp;lt;false&amp;gt;">
      <![CDATA[java.lang.AssertionError: expected:<true> but was:<false>
	at TestCasesExecution.LoginPageFunctionality.LoginPageTwo(LoginPageFunctionality.java:116)
... Removed 28 stack frames]]>
    </failure>
  </testcase> <!-- LoginPageTwo -->
</testsuite> <!-- Regression Test -->
