<?xml version="1.0" encoding="UTF-8"?>
<!-- Generated by org.testng.reporters.JUnitXMLReporter -->
<testsuite hostname="LAPTOP-QMK202VJ" name="Test" tests="4" failures="0" timestamp="26 Aug 2020 20:22:41 GMT" time="68.256" errors="0">
  <testcase name="LoginTestCase" time="1.113" classname="TestCasesExecution.LoginPageTest"/>
  <testcase name="LoginTestCase" time="5.568" classname="TestCasesExecution.LoginPageTest"/>
  <testcase name="LoginTestCase" time="0.82" classname="TestCasesExecution.LoginPageTest"/>
  <testcase name="LoginTestCase" time="1.046" classname="TestCasesExecution.LoginPageTest"/>
</testsuite> <!-- Test -->
