<?xml version="1.0" encoding="UTF-8"?>
<!-- Generated by org.testng.reporters.JUnitXMLReporter -->
<testsuite hostname="LAPTOP-QMK202VJ" name="Test" tests="4" failures="0" timestamp="27 Aug 2020 08:24:36 GMT" time="76.194" errors="0">
  <testcase name="LoginTestCase" time="2.539" classname="TestCasesExecution.LoginPageTest"/>
  <testcase name="LoginTestCase" time="2.654" classname="TestCasesExecution.LoginPageTest"/>
  <testcase name="LoginTestCase" time="0.802" classname="TestCasesExecution.LoginPageTest"/>
  <testcase name="LoginTestCase" time="0.823" classname="TestCasesExecution.LoginPageTest"/>
</testsuite> <!-- Test -->
