<?xml version="1.0" encoding="UTF-8"?>
<!-- Generated by org.testng.reporters.JUnitXMLReporter -->
<testsuite hostname="LAPTOP-QMK202VJ" name="Test" tests="4" failures="0" timestamp="26 Aug 2020 19:24:23 GMT" time="65.137" errors="0">
  <testcase name="LoginTestCase" time="0.982" classname="TestCasesExecution.LoginPageTest"/>
  <testcase name="LoginTestCase" time="2.336" classname="TestCasesExecution.LoginPageTest"/>
  <testcase name="LoginTestCase" time="0.807" classname="TestCasesExecution.LoginPageTest"/>
  <testcase name="LoginTestCase" time="0.892" classname="TestCasesExecution.LoginPageTest"/>
</testsuite> <!-- Test -->
