<?xml version="1.0" encoding="UTF-8"?>
<testng-results skipped="0" failed="0" total="4" passed="4">
  <reporter-output>
  </reporter-output>
  <suite name="Suite" duration-ms="76194" started-at="2020-08-27T13:53:20Z" finished-at="2020-08-27T13:54:36Z">
    <groups>
    </groups>
    <test name="Test" duration-ms="76194" started-at="2020-08-27T13:53:20Z" finished-at="2020-08-27T13:54:36Z">
      <class name="TestCasesExecution.LoginPageTest">
        <test-method status="PASS" signature="setupSuite()[pri:0, instance:TestCasesExecution.LoginPageTest@4b9e13df]" name="setupSuite" is-config="true" duration-ms="23726" started-at="2020-08-27T13:53:21Z" finished-at="2020-08-27T13:53:44Z">
        </test-method> <!-- setupSuite -->
        <test-method status="PASS" signature="LoginTestCase(java.lang.String, java.lang.String)[pri:0, instance:TestCasesExecution.LoginPageTest@4b9e13df]" name="LoginTestCase" duration-ms="2539" started-at="2020-08-27T13:53:44Z" data-provider="getLoginData" finished-at="2020-08-27T13:53:47Z">
          <params>
            <param index="0">
              <value>
                <![CDATA[amit]]>
              </value>
            </param>
            <param index="1">
              <value>
                <![CDATA[rashmi]]>
              </value>
            </param>
          </params>
        </test-method> <!-- LoginTestCase -->
        <test-method status="PASS" signature="setupSuite()[pri:0, instance:TestCasesExecution.LoginPageTest@4b9e13df]" name="setupSuite" is-config="true" duration-ms="15477" started-at="2020-08-27T13:53:47Z" finished-at="2020-08-27T13:54:02Z">
        </test-method> <!-- setupSuite -->
        <test-method status="PASS" signature="LoginTestCase(java.lang.String, java.lang.String)[pri:0, instance:TestCasesExecution.LoginPageTest@4b9e13df]" name="LoginTestCase" duration-ms="2654" started-at="2020-08-27T13:54:02Z" data-provider="getLoginData" finished-at="2020-08-27T13:54:05Z">
          <params>
            <param index="0">
              <value>
                <![CDATA[mngr280923]]>
              </value>
            </param>
            <param index="1">
              <value>
                <![CDATA[UzUzUpE]]>
              </value>
            </param>
          </params>
        </test-method> <!-- LoginTestCase -->
        <test-method status="PASS" signature="setupSuite()[pri:0, instance:TestCasesExecution.LoginPageTest@4b9e13df]" name="setupSuite" is-config="true" duration-ms="14644" started-at="2020-08-27T13:54:05Z" finished-at="2020-08-27T13:54:20Z">
        </test-method> <!-- setupSuite -->
        <test-method status="PASS" signature="LoginTestCase(java.lang.String, java.lang.String)[pri:0, instance:TestCasesExecution.LoginPageTest@4b9e13df]" name="LoginTestCase" duration-ms="802" started-at="2020-08-27T13:54:20Z" data-provider="getLoginData" finished-at="2020-08-27T13:54:21Z">
          <params>
            <param index="0">
              <value>
                <![CDATA[nepu]]>
              </value>
            </param>
            <param index="1">
              <value>
                <![CDATA[ritu]]>
              </value>
            </param>
          </params>
        </test-method> <!-- LoginTestCase -->
        <test-method status="PASS" signature="setupSuite()[pri:0, instance:TestCasesExecution.LoginPageTest@4b9e13df]" name="setupSuite" is-config="true" duration-ms="14993" started-at="2020-08-27T13:54:21Z" finished-at="2020-08-27T13:54:35Z">
        </test-method> <!-- setupSuite -->
        <test-method status="PASS" signature="LoginTestCase(java.lang.String, java.lang.String)[pri:0, instance:TestCasesExecution.LoginPageTest@4b9e13df]" name="LoginTestCase" duration-ms="823" started-at="2020-08-27T13:54:35Z" data-provider="getLoginData" finished-at="2020-08-27T13:54:36Z">
          <params>
            <param index="0">
              <value>
                <![CDATA[madhuri]]>
              </value>
            </param>
            <param index="1">
              <value>
                <![CDATA[anand]]>
              </value>
            </param>
          </params>
        </test-method> <!-- LoginTestCase -->
      </class> <!-- TestCasesExecution.LoginPageTest -->
    </test> <!-- Test -->
  </suite> <!-- Suite -->
</testng-results>
