<?xml version="1.0" encoding="UTF-8"?>
<testng-results skipped="0" failed="0" total="4" passed="4">
  <reporter-output>
  </reporter-output>
  <suite name="Suite" duration-ms="65137" started-at="2020-08-27T00:53:18Z" finished-at="2020-08-27T00:54:23Z">
    <groups>
    </groups>
    <test name="Test" duration-ms="65137" started-at="2020-08-27T00:53:18Z" finished-at="2020-08-27T00:54:23Z">
      <class name="TestCasesExecution.LoginPageTest">
        <test-method status="PASS" signature="setupSuite()[pri:0, instance:TestCasesExecution.LoginPageTest@337d0578]" name="setupSuite" is-config="true" duration-ms="15334" started-at="2020-08-27T00:53:18Z" finished-at="2020-08-27T00:53:33Z">
        </test-method> <!-- setupSuite -->
        <test-method status="PASS" signature="LoginTestCase(java.lang.String, java.lang.String)[pri:0, instance:TestCasesExecution.LoginPageTest@337d0578]" name="LoginTestCase" duration-ms="982" started-at="2020-08-27T00:53:33Z" data-provider="getLoginData" finished-at="2020-08-27T00:53:34Z">
          <params>
            <param index="0">
              <value>
                <![CDATA[amit]]>
              </value>
            </param>
            <param index="1">
              <value>
                <![CDATA[rashmi]]>
              </value>
            </param>
          </params>
        </test-method> <!-- LoginTestCase -->
        <test-method status="PASS" signature="setupSuite()[pri:0, instance:TestCasesExecution.LoginPageTest@337d0578]" name="setupSuite" is-config="true" duration-ms="14730" started-at="2020-08-27T00:53:34Z" finished-at="2020-08-27T00:53:49Z">
        </test-method> <!-- setupSuite -->
        <test-method status="PASS" signature="LoginTestCase(java.lang.String, java.lang.String)[pri:0, instance:TestCasesExecution.LoginPageTest@337d0578]" name="LoginTestCase" duration-ms="2336" started-at="2020-08-27T00:53:49Z" data-provider="getLoginData" finished-at="2020-08-27T00:53:51Z">
          <params>
            <param index="0">
              <value>
                <![CDATA[mngr280923]]>
              </value>
            </param>
            <param index="1">
              <value>
                <![CDATA[UzUzUpE]]>
              </value>
            </param>
          </params>
        </test-method> <!-- LoginTestCase -->
        <test-method status="PASS" signature="setupSuite()[pri:0, instance:TestCasesExecution.LoginPageTest@337d0578]" name="setupSuite" is-config="true" duration-ms="15000" started-at="2020-08-27T00:53:51Z" finished-at="2020-08-27T00:54:06Z">
        </test-method> <!-- setupSuite -->
        <test-method status="PASS" signature="LoginTestCase(java.lang.String, java.lang.String)[pri:0, instance:TestCasesExecution.LoginPageTest@337d0578]" name="LoginTestCase" duration-ms="807" started-at="2020-08-27T00:54:06Z" data-provider="getLoginData" finished-at="2020-08-27T00:54:07Z">
          <params>
            <param index="0">
              <value>
                <![CDATA[nepu]]>
              </value>
            </param>
            <param index="1">
              <value>
                <![CDATA[ritu]]>
              </value>
            </param>
          </params>
        </test-method> <!-- LoginTestCase -->
        <test-method status="PASS" signature="setupSuite()[pri:0, instance:TestCasesExecution.LoginPageTest@337d0578]" name="setupSuite" is-config="true" duration-ms="14632" started-at="2020-08-27T00:54:07Z" finished-at="2020-08-27T00:54:22Z">
        </test-method> <!-- setupSuite -->
        <test-method status="PASS" signature="LoginTestCase(java.lang.String, java.lang.String)[pri:0, instance:TestCasesExecution.LoginPageTest@337d0578]" name="LoginTestCase" duration-ms="892" started-at="2020-08-27T00:54:22Z" data-provider="getLoginData" finished-at="2020-08-27T00:54:23Z">
          <params>
            <param index="0">
              <value>
                <![CDATA[madhuri]]>
              </value>
            </param>
            <param index="1">
              <value>
                <![CDATA[anand]]>
              </value>
            </param>
          </params>
        </test-method> <!-- LoginTestCase -->
      </class> <!-- TestCasesExecution.LoginPageTest -->
    </test> <!-- Test -->
  </suite> <!-- Suite -->
</testng-results>
